<?xml version="1.0" encoding="UTF-8"?>
<!-- Generated by org.testng.reporters.JUnitReportReporter -->
<testsuite hostname="Swetha" failures="0" tests="2" name="com.example.AppTest" time="46.189" errors="0" timestamp="2024-05-01T18:30:37 IST" skipped="0">
  <testcase classname="com.example.AppTest" name="Testcase2" time="21.905"/>
  <testcase classname="com.example.AppTest" name="Testcase1" time="24.284"/>
</testsuite> <!-- com.example.AppTest -->
